[12-Apr-2023 08:06:07 UTC] PHP Warning:  Attempt to read property "title" on null in /Users/thomascappelli/Local Sites/watts-up-group/app/public/wp-includes/class-wp-customize-widgets.php on line 905
[12-Apr-2023 08:06:18 UTC] PHP Warning:  Attempt to read property "title" on null in /Users/thomascappelli/Local Sites/watts-up-group/app/public/wp-includes/class-wp-customize-widgets.php on line 905
[12-Apr-2023 08:06:21 UTC] PHP Warning:  Attempt to read property "title" on null in /Users/thomascappelli/Local Sites/watts-up-group/app/public/wp-includes/class-wp-customize-widgets.php on line 905
[12-Apr-2023 08:21:54 UTC] PHP Warning:  Undefined variable $total_templates in /Users/thomascappelli/Local Sites/watts-up-group/app/public/wp-content/plugins/templateberg/includes/admin/class-templateberg-template-api.php on line 399
[12-Apr-2023 08:23:39 UTC] PHP Warning:  Undefined variable $total_templates in /Users/thomascappelli/Local Sites/watts-up-group/app/public/wp-content/plugins/templateberg/includes/admin/class-templateberg-template-api.php on line 399
[12-Apr-2023 08:25:18 UTC] PHP Warning:  Undefined variable $total_templates in /Users/thomascappelli/Local Sites/watts-up-group/app/public/wp-content/plugins/templateberg/includes/admin/class-templateberg-template-api.php on line 399
[12-Apr-2023 08:26:51 UTC] PHP Warning:  Undefined variable $total_templates in /Users/thomascappelli/Local Sites/watts-up-group/app/public/wp-content/plugins/templateberg/includes/admin/class-templateberg-template-api.php on line 399
[12-Apr-2023 08:27:24 UTC] PHP Warning:  Undefined variable $total_templates in /Users/thomascappelli/Local Sites/watts-up-group/app/public/wp-content/plugins/templateberg/includes/admin/class-templateberg-template-api.php on line 399
[12-Apr-2023 08:31:54 UTC] PHP Warning:  Attempt to read property "title" on null in /Users/thomascappelli/Local Sites/watts-up-group/app/public/wp-includes/class-wp-customize-widgets.php on line 905
[12-Apr-2023 08:34:44 UTC] PHP Warning:  Attempt to read property "title" on null in /Users/thomascappelli/Local Sites/watts-up-group/app/public/wp-includes/class-wp-customize-widgets.php on line 905
[12-Apr-2023 09:54:27 UTC] PHP Warning:  Attempt to read property "title" on null in /Users/thomascappelli/Local Sites/watts-up-group/app/public/wp-includes/class-wp-customize-widgets.php on line 905
[12-Apr-2023 10:05:50 UTC] PHP Warning:  Attempt to read property "title" on null in /Users/thomascappelli/Local Sites/watts-up-group/app/public/wp-includes/class-wp-customize-widgets.php on line 905
[14-Apr-2023 09:45:37 UTC] PHP Warning:  Undefined array key "sizes" in /Users/thomascappelli/Local Sites/watts-up-group/app/public/wp-content/themes/Divi/includes/builder/core.php on line 7175
[14-Apr-2023 09:45:37 UTC] PHP Warning:  foreach() argument must be of type array|object, null given in /Users/thomascappelli/Local Sites/watts-up-group/app/public/wp-content/themes/Divi/includes/builder/core.php on line 7175
[14-Apr-2023 09:45:38 UTC] PHP Warning:  Undefined array key "sizes" in /Users/thomascappelli/Local Sites/watts-up-group/app/public/wp-content/themes/Divi/includes/builder/core.php on line 7175
[14-Apr-2023 09:45:38 UTC] PHP Warning:  foreach() argument must be of type array|object, null given in /Users/thomascappelli/Local Sites/watts-up-group/app/public/wp-content/themes/Divi/includes/builder/core.php on line 7175
[14-Apr-2023 09:45:38 UTC] PHP Warning:  Undefined array key "sizes" in /Users/thomascappelli/Local Sites/watts-up-group/app/public/wp-content/themes/Divi/includes/builder/core.php on line 7175
[14-Apr-2023 09:45:38 UTC] PHP Warning:  foreach() argument must be of type array|object, null given in /Users/thomascappelli/Local Sites/watts-up-group/app/public/wp-content/themes/Divi/includes/builder/core.php on line 7175
[14-Apr-2023 09:45:38 UTC] PHP Warning:  Undefined array key "sizes" in /Users/thomascappelli/Local Sites/watts-up-group/app/public/wp-content/themes/Divi/includes/builder/core.php on line 7175
[14-Apr-2023 09:45:38 UTC] PHP Warning:  foreach() argument must be of type array|object, null given in /Users/thomascappelli/Local Sites/watts-up-group/app/public/wp-content/themes/Divi/includes/builder/core.php on line 7175
[14-Apr-2023 09:45:38 UTC] PHP Warning:  Undefined array key "sizes" in /Users/thomascappelli/Local Sites/watts-up-group/app/public/wp-content/themes/Divi/includes/builder/core.php on line 7175
[14-Apr-2023 09:45:38 UTC] PHP Warning:  foreach() argument must be of type array|object, null given in /Users/thomascappelli/Local Sites/watts-up-group/app/public/wp-content/themes/Divi/includes/builder/core.php on line 7175
[14-Apr-2023 09:45:38 UTC] PHP Warning:  Undefined array key "sizes" in /Users/thomascappelli/Local Sites/watts-up-group/app/public/wp-content/themes/Divi/includes/builder/core.php on line 7175
[14-Apr-2023 09:45:38 UTC] PHP Warning:  foreach() argument must be of type array|object, null given in /Users/thomascappelli/Local Sites/watts-up-group/app/public/wp-content/themes/Divi/includes/builder/core.php on line 7175
[17-Apr-2023 07:30:59 UTC] Erreur d’événement de replanification de tâche pour le crochet wp_privacy_delete_old_export_files. Code d’erreur : could_not_set. Message d’erreur : La liste des évènements planifiés n’a pas pu être sauvegardée.. Données : {"schedule":"hourly","args":[],"interval":3600}
[17-Apr-2023 09:03:58 UTC] PHP Fatal error:  Allowed memory size of 268435456 bytes exhausted (tried to allocate 28672 bytes) in /Users/thomascappelli/Local Sites/watts-up-group/app/public/wp-includes/class-wp-image-editor-gd.php on line 111
[17-Apr-2023 13:10:25 UTC] PHP Warning:  Undefined array key "sizes" in /Users/thomascappelli/Local Sites/watts-up-group/app/public/wp-content/themes/Divi/includes/builder/core.php on line 7175
[17-Apr-2023 13:10:25 UTC] PHP Warning:  foreach() argument must be of type array|object, null given in /Users/thomascappelli/Local Sites/watts-up-group/app/public/wp-content/themes/Divi/includes/builder/core.php on line 7175
[24-Apr-2023 14:30:00 UTC] PHP Warning:  Undefined array key "sizes" in /Users/thomascappelli/Local Sites/watts-up-group/app/public/wp-content/themes/Divi/includes/builder/core.php on line 7175
[24-Apr-2023 14:30:00 UTC] PHP Warning:  foreach() argument must be of type array|object, null given in /Users/thomascappelli/Local Sites/watts-up-group/app/public/wp-content/themes/Divi/includes/builder/core.php on line 7175
[24-Apr-2023 14:30:01 UTC] PHP Warning:  Undefined array key "sizes" in /Users/thomascappelli/Local Sites/watts-up-group/app/public/wp-content/themes/Divi/includes/builder/core.php on line 7175
[24-Apr-2023 14:30:01 UTC] PHP Warning:  foreach() argument must be of type array|object, null given in /Users/thomascappelli/Local Sites/watts-up-group/app/public/wp-content/themes/Divi/includes/builder/core.php on line 7175
